<?xml version="1.0" encoding="UTF-8"?>
<!-- Generated by org.testng.reporters.JUnitReportReporter -->
<testsuite skipped="0" hostname="DESKTOP-QNHHQU3" name="com.newproject.selenium.com.newproject.selenium.first.Test3" tests="3" failures="0" timestamp="2019-12-24T13:53:58 IST" time="0.019" errors="0">
  <testcase name="f" time="0.006" classname="com.newproject.selenium.com.newproject.selenium.first.Test3"/>
  <testcase name="z" time="0.005" classname="com.newproject.selenium.com.newproject.selenium.first.Test3"/>
  <testcase name="b" time="0.008" classname="com.newproject.selenium.com.newproject.selenium.first.Test3"/>
</testsuite> <!-- com.newproject.selenium.com.newproject.selenium.first.Test3 -->
