<?xml version="1.0" encoding="UTF-8"?>
<!-- Generated by org.testng.reporters.JUnitReportReporter -->
<testsuite skipped="0" hostname="DESKTOP-QNHHQU3" name="com.newproject.selenium.first.Test3" tests="3" failures="0" timestamp="2019-12-24T13:40:17 IST" time="0.017" errors="0">
  <testcase name="f" time="0.014" classname="com.newproject.selenium.first.Test3"/>
  <testcase name="z" time="0.001" classname="com.newproject.selenium.first.Test3"/>
  <testcase name="b" time="0.002" classname="com.newproject.selenium.first.Test3"/>
</testsuite> <!-- com.newproject.selenium.first.Test3 -->
