<?xml version="1.0" encoding="UTF-8"?>
<!-- Generated by org.testng.reporters.JUnitReportReporter -->
<testsuite skipped="0" hostname="DESKTOP-QNHHQU3" name="com.newproject.selenium.com.newproject.selenium.first.Test2" tests="1" failures="0" timestamp="2019-12-24T13:53:58 IST" time="0.003" errors="0">
  <testcase name="f" time="0.003" classname="com.newproject.selenium.com.newproject.selenium.first.Test2"/>
</testsuite> <!-- com.newproject.selenium.com.newproject.selenium.first.Test2 -->
